<?xml version="1.0" encoding="UTF-8"?>
<robot generator="Robot 7.0 (Python 3.11.8 on win32)" generated="2024-02-13T03:15:14.263427" rpa="false" schemaversion="5">
<suite id="s1" name="Valid-Search-Suite" source="c:\Users\Priyanka Devi\Documents\Fasilkom sem 8\Sanbercode\Project Kelompok\Tugas Mobile Automation\Sanber53-Appium-Kelompok-8\suites\valid-search-suite.robot">
<test id="s1-t1" name="Search with Valid Flight Number" line="8">
<kw name="Open Flight Application" owner="base">
<kw name="Open Application" owner="AppiumLibrary">
<arg>remote_url=${REMOTE_URL}</arg>
<arg>platformName=${PLATFORM_NAME}</arg>
<arg>platformVersion=${PLATFORM_VERSION}</arg>
<arg>deviceName=${DEVICE_NAME}</arg>
<arg>appPackage=${APP_PACKAGE}</arg>
<arg>appActivity=${APP_ACTIVITY}</arg>
<doc>Opens a new application to given Appium server.
Capabilities of appium server, Android and iOS,
Please check https://github.com/appium/appium/blob/master/docs/en/writing-running-appium/server-args.md
| *Option*            | *Man.* | *Description*     |
| remote_url          | Yes    | Appium server url |
| alias               | no     | alias             |
| strict_ssl          | No     | allows you to send commands to an invalid certificate host like a self-signed one. |</doc>
<status status="PASS" start="2024-02-13T03:15:14.642390" elapsed="12.803333"/>
</kw>
<status status="PASS" start="2024-02-13T03:15:14.641395" elapsed="12.805333"/>
</kw>
<kw name="Click Sign In Button On Home Page" owner="home-page">
<kw name="Wait Until Page Contains Element" owner="AppiumLibrary">
<msg time="2024-02-13T03:15:27.704659" level="INFO">xpath criteria: //android.widget.Button[@resource-id="com.example.myapplication:id/login"]</msg>
<arg>locator=//android.widget.Button[@resource-id="com.example.myapplication:id/login"]</arg>
<doc>Waits until element specified with `locator` appears on current page.</doc>
<status status="PASS" start="2024-02-13T03:15:27.448715" elapsed="0.257938"/>
</kw>
<kw name="Click Element" owner="AppiumLibrary">
<msg time="2024-02-13T03:15:27.708659" level="INFO">Clicking element '//android.widget.Button[@resource-id="com.example.myapplication:id/login"]'.</msg>
<msg time="2024-02-13T03:15:27.824930" level="INFO">xpath criteria: //android.widget.Button[@resource-id="com.example.myapplication:id/login"]</msg>
<arg>locator=//android.widget.Button[@resource-id="com.example.myapplication:id/login"]</arg>
<doc>Click element identified by `locator`.</doc>
<status status="PASS" start="2024-02-13T03:15:27.706653" elapsed="0.119269"/>
</kw>
<status status="PASS" start="2024-02-13T03:15:27.447720" elapsed="0.378202"/>
</kw>
<kw name="Input Username" owner="login-page">
<kw name="Wait Until Page Contains Element" owner="AppiumLibrary">
<msg time="2024-02-13T03:15:28.973926" level="INFO">xpath criteria: //android.widget.EditText[@resource-id="com.example.myapplication:id/username"]
xpath criteria: //android.widget.EditText[@resource-id="com.example.myapplication:id/username"]</msg>
<arg>locator=//android.widget.EditText[@resource-id="com.example.myapplication:id/username"]</arg>
<doc>Waits until element specified with `locator` appears on current page.</doc>
<status status="PASS" start="2024-02-13T03:15:27.826921" elapsed="1.148147"/>
</kw>
<kw name="Input Text" owner="AppiumLibrary">
<msg time="2024-02-13T03:15:28.977578" level="INFO">Typing text 'support@ngendigital.com' into text field '//android.widget.EditText[@resource-id="com.example.myapplication:id/username"]'</msg>
<msg time="2024-02-13T03:15:29.062602" level="INFO">xpath criteria: //android.widget.EditText[@resource-id="com.example.myapplication:id/username"]</msg>
<arg>locator=//android.widget.EditText[@resource-id="com.example.myapplication:id/username"]</arg>
<arg>text=support@ngendigital.com</arg>
<doc>Types the given `text` into text field identified by `locator`.</doc>
<status status="PASS" start="2024-02-13T03:15:28.975274" elapsed="0.087839"/>
</kw>
<status status="PASS" start="2024-02-13T03:15:27.826921" elapsed="1.236851"/>
</kw>
<kw name="Input Password User" owner="login-page">
<kw name="Input Text" owner="AppiumLibrary">
<msg time="2024-02-13T03:15:29.069229" level="INFO">Typing text 'abc123' into text field '//android.widget.EditText[@resource-id="com.example.myapplication:id/password"]'</msg>
<msg time="2024-02-13T03:15:29.656520" level="INFO">xpath criteria: //android.widget.EditText[@resource-id="com.example.myapplication:id/password"]</msg>
<arg>locator=//android.widget.EditText[@resource-id="com.example.myapplication:id/password"]</arg>
<arg>text=abc123</arg>
<doc>Types the given `text` into text field identified by `locator`.</doc>
<status status="PASS" start="2024-02-13T03:15:29.066631" elapsed="0.591400"/>
</kw>
<status status="PASS" start="2024-02-13T03:15:29.065289" elapsed="0.592742"/>
</kw>
<kw name="Click Sign In Button On Login Page" owner="login-page">
<kw name="Click Element" owner="AppiumLibrary">
<msg time="2024-02-13T03:15:29.661044" level="INFO">Clicking element '//android.widget.Button[@resource-id="com.example.myapplication:id/signIn"]'.</msg>
<msg time="2024-02-13T03:15:30.285169" level="INFO">xpath criteria: //android.widget.Button[@resource-id="com.example.myapplication:id/signIn"]</msg>
<arg>locator=//android.widget.Button[@resource-id="com.example.myapplication:id/signIn"]</arg>
<doc>Click element identified by `locator`.</doc>
<status status="PASS" start="2024-02-13T03:15:29.659044" elapsed="0.626125"/>
</kw>
<status status="PASS" start="2024-02-13T03:15:29.659044" elapsed="0.627120"/>
</kw>
<kw name="Verify User Is Succesfully Logged In" owner="home-page">
<kw name="Wait Until Page Contains" owner="AppiumLibrary">
<arg>text="Sign Out"</arg>
<doc>Waits until `text` appears on current page.</doc>
<status status="PASS" start="2024-02-13T03:15:30.287165" elapsed="1.107073"/>
</kw>
<status status="PASS" start="2024-02-13T03:15:30.287165" elapsed="1.108066"/>
</kw>
<kw name="Click Search Button On Home Page" owner="home-page">
<kw name="Wait Until Page Contains" owner="AppiumLibrary">
<arg>text="Sign Out"</arg>
<doc>Waits until `text` appears on current page.</doc>
<status status="PASS" start="2024-02-13T03:15:31.397233" elapsed="0.070193"/>
</kw>
<kw name="Click Element" owner="AppiumLibrary">
<msg time="2024-02-13T03:15:31.471423" level="INFO">Clicking element '//android.widget.Button[@resource-id="com.example.myapplication:id/search_flight"]'.</msg>
<msg time="2024-02-13T03:15:31.581641" level="INFO">xpath criteria: //android.widget.Button[@resource-id="com.example.myapplication:id/search_flight"]</msg>
<arg>locator=//android.widget.Button[@resource-id="com.example.myapplication:id/search_flight"]</arg>
<doc>Click element identified by `locator`.</doc>
<status status="PASS" start="2024-02-13T03:15:31.467426" elapsed="0.115210"/>
</kw>
<status status="PASS" start="2024-02-13T03:15:31.396238" elapsed="0.186398"/>
</kw>
<kw name="Enter Valid Flight Number" owner="search-page">
<kw name="Wait Until Page Contains Element" owner="AppiumLibrary">
<msg time="2024-02-13T03:15:32.782089" level="INFO">xpath criteria: //android.widget.EditText[@resource-id="com.example.myapplication:id/flight_number"]
xpath criteria: //android.widget.EditText[@resource-id="com.example.myapplication:id/flight_number"]</msg>
<arg>locator=//android.widget.EditText[@resource-id="com.example.myapplication:id/flight_number"]</arg>
<doc>Waits until element specified with `locator` appears on current page.</doc>
<status status="PASS" start="2024-02-13T03:15:31.583952" elapsed="1.200136"/>
</kw>
<kw name="Input Text" owner="AppiumLibrary">
<msg time="2024-02-13T03:15:32.789188" level="INFO">Typing text 'DA935' into text field '//android.widget.EditText[@resource-id="com.example.myapplication:id/flight_number"]'</msg>
<msg time="2024-02-13T03:15:32.904787" level="INFO">xpath criteria: //android.widget.EditText[@resource-id="com.example.myapplication:id/flight_number"]</msg>
<arg>locator=//android.widget.EditText[@resource-id="com.example.myapplication:id/flight_number"]</arg>
<arg>text=DA935</arg>
<doc>Types the given `text` into text field identified by `locator`.</doc>
<status status="PASS" start="2024-02-13T03:15:32.784088" elapsed="0.120699"/>
</kw>
<status status="PASS" start="2024-02-13T03:15:31.582636" elapsed="1.322151"/>
</kw>
<kw name="Click Search Button On Search Page" owner="search-page">
<kw name="Click Element" owner="AppiumLibrary">
<msg time="2024-02-13T03:15:32.910782" level="INFO">Clicking element '//android.widget.Button[@resource-id="com.example.myapplication:id/searchFlight"]'.</msg>
<msg time="2024-02-13T03:15:33.566771" level="INFO">xpath criteria: //android.widget.Button[@resource-id="com.example.myapplication:id/searchFlight"]</msg>
<arg>locator=//android.widget.Button[@resource-id="com.example.myapplication:id/searchFlight"]</arg>
<doc>Click element identified by `locator`.</doc>
<status status="PASS" start="2024-02-13T03:15:32.906784" elapsed="0.660571"/>
</kw>
<status status="PASS" start="2024-02-13T03:15:32.905785" elapsed="0.661570"/>
</kw>
<kw name="Verify the Flight Data Shown" owner="valid-search-result-page">
<kw name="Wait Until Page Contains" owner="AppiumLibrary">
<arg>text="Toronto to Paris"</arg>
<doc>Waits until `text` appears on current page.</doc>
<status status="PASS" start="2024-02-13T03:15:33.569023" elapsed="1.094249"/>
</kw>
<kw name="Wait Until Page Contains" owner="AppiumLibrary">
<arg>text="DA 935"</arg>
<doc>Waits until `text` appears on current page.</doc>
<status status="PASS" start="2024-02-13T03:15:34.663272" elapsed="0.040760"/>
</kw>
<kw name="Wait Until Page Contains" owner="AppiumLibrary">
<arg>text="Schedule"</arg>
<doc>Waits until `text` appears on current page.</doc>
<status status="PASS" start="2024-02-13T03:15:34.704032" elapsed="0.037235"/>
</kw>
<kw name="Wait Until Page Contains" owner="AppiumLibrary">
<arg>text="17:00"</arg>
<doc>Waits until `text` appears on current page.</doc>
<status status="PASS" start="2024-02-13T03:15:34.742267" elapsed="0.081846"/>
</kw>
<status status="PASS" start="2024-02-13T03:15:33.568471" elapsed="1.255642"/>
</kw>
<kw name="Close Flight Application" owner="base">
<kw name="Close Application" owner="AppiumLibrary">
<doc>Closes the current application and also close webdriver session.</doc>
<status status="PASS" start="2024-02-13T03:15:34.827114" elapsed="0.526267"/>
</kw>
<status status="PASS" start="2024-02-13T03:15:34.826111" elapsed="0.527270"/>
</kw>
<status status="PASS" start="2024-02-13T03:15:14.640391" elapsed="20.713992"/>
</test>
<status status="PASS" start="2024-02-13T03:15:14.273813" elapsed="21.082003"/>
</suite>
<statistics>
<total>
<stat pass="1" fail="0" skip="0">All Tests</stat>
</total>
<tag>
</tag>
<suite>
<stat pass="1" fail="0" skip="0" id="s1" name="Valid-Search-Suite">Valid-Search-Suite</stat>
</suite>
</statistics>
<errors>
<msg time="2024-02-13T03:15:14.621830" level="ERROR">Error in file 'c:\Users\Priyanka Devi\Documents\Fasilkom sem 8\Sanbercode\Project Kelompok\Tugas Mobile Automation\Sanber53-Appium-Kelompok-8\pageObjects\HomePage\home-page.robot' on line 3: Processing variable file 'c:\Users\Priyanka Devi\Documents\Fasilkom sem 8\Sanbercode\Project Kelompok\Tugas Mobile Automation\Sanber53-Appium-Kelompok-8\pageObjects\HomePage\home-locator.yaml' failed: Using YAML variable files requires PyYAML module to be installed. Typically you can install it by running `pip install pyyaml`.</msg>
<msg time="2024-02-13T03:15:14.635398" level="ERROR">Error in file 'c:\Users\Priyanka Devi\Documents\Fasilkom sem 8\Sanbercode\Project Kelompok\Tugas Mobile Automation\Sanber53-Appium-Kelompok-8\pageObjects\SearchPage\search-page.robot' on line 3: Processing variable file 'c:\Users\Priyanka Devi\Documents\Fasilkom sem 8\Sanbercode\Project Kelompok\Tugas Mobile Automation\Sanber53-Appium-Kelompok-8\pageObjects\SearchPage\search-locator.yaml' failed: Using YAML variable files requires PyYAML module to be installed. Typically you can install it by running `pip install pyyaml`.</msg>
</errors>
</robot>
