<?xml version="1.0" encoding="UTF-8"?>
<robot generator="Robot 7.0 (Python 3.9.5 on win32)" generated="2024-02-12T20:18:21.143742" rpa="false" schemaversion="5">
<suite id="s1" name="Booking-Suite" source="D:\PRIVATE\Sanber 53\Sanber53-Appium-Kelompok-8\suites\booking-suite.robot">
<test id="s1-t1" name="Booking a Flight With Valid Data" line="7">
<kw name="Open Flight Application" owner="base">
<kw name="Open Application" owner="AppiumLibrary">
<arg>remote_url=${REMOTE_URL}</arg>
<arg>platformName=${PLATFORM_NAME}</arg>
<arg>platformVersion=10</arg>
<arg>deviceName=e3db9063</arg>
<arg>appPackage=com.example.myapplication</arg>
<arg>appActivity=com.example.myapplication.MainActivity</arg>
<doc>Opens a new application to given Appium server.
Capabilities of appium server, Android and iOS,
Please check https://github.com/appium/appium/blob/master/docs/en/writing-running-appium/server-args.md
| *Option*            | *Man.* | *Description*     |
| remote_url          | Yes    | Appium server url |
| alias               | no     | alias             |
| strict_ssl          | No     | allows you to send commands to an invalid certificate host like a self-signed one. |</doc>
<status status="PASS" start="2024-02-12T20:18:21.454456" elapsed="13.818615"/>
</kw>
<status status="PASS" start="2024-02-12T20:18:21.453161" elapsed="13.819910"/>
</kw>
<kw name="Click Sign In Button On Home Page" owner="home-page">
<kw name="Click Element" owner="AppiumLibrary">
<msg time="2024-02-12T20:18:35.276078" level="INFO">Clicking element '//android.widget.Button[@resource-id="com.example.myapplication:id/login"]'.</msg>
<msg time="2024-02-12T20:18:36.669709" level="INFO">xpath criteria: //android.widget.Button[@resource-id="com.example.myapplication:id/login"]</msg>
<arg>locator=${login_btn}</arg>
<doc>Click element identified by `locator`.</doc>
<status status="PASS" start="2024-02-12T20:18:35.275070" elapsed="1.394639"/>
</kw>
<status status="PASS" start="2024-02-12T20:18:35.274069" elapsed="1.395640"/>
</kw>
<kw name="Input Username" owner="login-page">
<kw name="Wait Until Element Is Visible" owner="AppiumLibrary">
<msg time="2024-02-12T20:18:37.678360" level="INFO">xpath criteria: //android.widget.EditText[@resource-id="com.example.myapplication:id/username"]
xpath criteria: //android.widget.EditText[@resource-id="com.example.myapplication:id/username"]</msg>
<arg>locator=${username_input}</arg>
<doc>Waits until element specified with `locator` is visible.</doc>
<status status="PASS" start="2024-02-12T20:18:36.670931" elapsed="1.007429"/>
</kw>
<kw name="Input Text" owner="AppiumLibrary">
<msg time="2024-02-12T20:18:37.680378" level="INFO">Typing text 'support@ngendigital.com' into text field '//android.widget.EditText[@resource-id="com.example.myapplication:id/username"]'</msg>
<msg time="2024-02-12T20:18:37.852299" level="INFO">xpath criteria: //android.widget.EditText[@resource-id="com.example.myapplication:id/username"]</msg>
<arg>locator=${username_input}</arg>
<arg>text=support@ngendigital.com</arg>
<doc>Types the given `text` into text field identified by `locator`.</doc>
<status status="PASS" start="2024-02-12T20:18:37.679367" elapsed="0.172932"/>
</kw>
<status status="PASS" start="2024-02-12T20:18:36.669709" elapsed="1.182590"/>
</kw>
<kw name="Input Password" owner="login-page">
<kw name="Input Text" owner="AppiumLibrary">
<msg time="2024-02-12T20:18:37.854351" level="INFO">Typing text 'abc123' into text field '//android.widget.EditText[@resource-id="com.example.myapplication:id/password"]'</msg>
<msg time="2024-02-12T20:18:38.486639" level="INFO">xpath criteria: //android.widget.EditText[@resource-id="com.example.myapplication:id/password"]</msg>
<arg>locator=${password_input}</arg>
<arg>text=abc123</arg>
<doc>Types the given `text` into text field identified by `locator`.</doc>
<status status="PASS" start="2024-02-12T20:18:37.853314" elapsed="0.633325"/>
</kw>
<status status="PASS" start="2024-02-12T20:18:37.852299" elapsed="0.634340"/>
</kw>
<kw name="Click Sign In Button On Login Page" owner="login-page">
<kw name="Click Element" owner="AppiumLibrary">
<msg time="2024-02-12T20:18:38.488654" level="INFO">Clicking element '//android.widget.Button[@resource-id="com.example.myapplication:id/signIn"]'.</msg>
<msg time="2024-02-12T20:18:39.158477" level="INFO">xpath criteria: //android.widget.Button[@resource-id="com.example.myapplication:id/signIn"]</msg>
<arg>locator=//android.widget.Button[@resource-id="com.example.myapplication:id/signIn"]</arg>
<doc>Click element identified by `locator`.</doc>
<status status="PASS" start="2024-02-12T20:18:38.487646" elapsed="0.671833"/>
</kw>
<status status="PASS" start="2024-02-12T20:18:38.486639" elapsed="0.672840"/>
</kw>
<kw name="Click Booking Button" owner="booking-page">
<kw name="Wait Until Element Is Visible" owner="AppiumLibrary">
<msg time="2024-02-12T20:18:40.008800" level="INFO">xpath criteria: //android.widget.Button[@resource-id="com.example.myapplication:id/book"]
xpath criteria: //android.widget.Button[@resource-id="com.example.myapplication:id/book"]</msg>
<arg>locator=${booking_btn}</arg>
<doc>Waits until element specified with `locator` is visible.</doc>
<status status="PASS" start="2024-02-12T20:18:39.161479" elapsed="0.847321"/>
</kw>
<kw name="Click Element" owner="AppiumLibrary">
<msg time="2024-02-12T20:18:40.010031" level="INFO">Clicking element '//android.widget.Button[@resource-id="com.example.myapplication:id/book"]'.</msg>
<msg time="2024-02-12T20:18:40.156122" level="INFO">xpath criteria: //android.widget.Button[@resource-id="com.example.myapplication:id/book"]</msg>
<arg>locator=${booking_btn}</arg>
<doc>Click element identified by `locator`.</doc>
<status status="PASS" start="2024-02-12T20:18:40.008800" elapsed="0.147322"/>
</kw>
<status status="PASS" start="2024-02-12T20:18:39.160476" elapsed="0.995646"/>
</kw>
<status status="PASS" start="2024-02-12T20:18:21.451787" elapsed="18.704335"/>
</test>
<status status="PASS" start="2024-02-12T20:18:21.146095" elapsed="19.011356"/>
</suite>
<statistics>
<total>
<stat pass="1" fail="0" skip="0">All Tests</stat>
</total>
<tag>
</tag>
<suite>
<stat pass="1" fail="0" skip="0" id="s1" name="Booking-Suite">Booking-Suite</stat>
</suite>
</statistics>
<errors>
</errors>
</robot>
